<?xml version="1.0" encoding="UTF-8"?>
<!-- Generated by org.testng.reporters.JUnitReportReporter -->
<testsuite skipped="0" hostname="DESKTOP-73PJK31" name="com.home.TestClass" tests="2" failures="0" timestamp="2020-08-01T22:30:30 IST" time="0.009" errors="0">
  <testcase name="TestData" time="0.002" classname="com.home.TestClass"/>
  <testcase name="TestData" time="0.007" classname="com.home.TestClass"/>
</testsuite> <!-- com.home.TestClass -->
