<?xml version="1.0" encoding="UTF-8"?>
<!-- Generated by org.testng.reporters.JUnitReportReporter -->
<testsuite skipped="0" hostname="DESKTOP-73PJK31" name="com.home.suiteB.TestB2" tests="1" failures="0" timestamp="2020-08-04T23:08:26 IST" time="5.011" errors="0">
  <testcase name="testB" time="5.011" classname="com.home.suiteB.TestB2"/>
</testsuite> <!-- com.home.suiteB.TestB2 -->
