<?xml version="1.0" encoding="UTF-8"?>
<!-- Generated by org.testng.reporters.JUnitReportReporter -->
<testsuite skipped="0" hostname="DESKTOP-73PJK31" name="com.home.suiteA.TestA2" tests="1" failures="0" timestamp="2020-08-04T23:04:15 IST" time="5.001" errors="0">
  <testcase name="testB" time="5.001" classname="com.home.suiteA.TestA2"/>
</testsuite> <!-- com.home.suiteA.TestA2 -->
