<?xml version="1.0" encoding="UTF-8"?>
<!-- Generated by org.testng.reporters.JUnitReportReporter -->
<testsuite skipped="0" hostname="DESKTOP-73PJK31" name="com.home.suiteB.TestB1" tests="1" failures="0" timestamp="2020-08-04T23:04:15 IST" time="5.004" errors="0">
  <testcase name="testA" time="5.004" classname="com.home.suiteB.TestB1"/>
</testsuite> <!-- com.home.suiteB.TestB1 -->
