<?xml version="1.0" encoding="UTF-8"?>
<!-- Generated by org.testng.reporters.JUnitReportReporter -->
<testsuite skipped="0" hostname="DESKTOP-73PJK31" name="com.home.TestClassB" tests="1" failures="0" timestamp="2020-08-01T22:35:44 IST" time="0.003" errors="0">
  <testcase name="TestD" time="0.003" classname="com.home.TestClassB"/>
</testsuite> <!-- com.home.TestClassB -->
