<?xml version="1.0" encoding="UTF-8"?>
<!-- Generated by org.testng.reporters.JUnitReportReporter -->
<testsuite skipped="0" hostname="DESKTOP-73PJK31" name="com.home.LoginTest" tests="1" failures="0" timestamp="2020-08-05T23:23:41 IST" time="0.753" errors="0">
  <testcase name="LoginTestCase" time="0.753" classname="com.home.LoginTest"/>
</testsuite> <!-- com.home.LoginTest -->
